  % Total    % Received % Xferd  Average Speed   Time    Time     Time  Current
                                 Dload  Upload   Total   Spent    Left  Speed
  0     0    0     0    0     0      0      0 --:--:-- --:--:-- --:--:--     0* Host hw2-mtls-server:4433 was resolved.
* IPv6: (none)
* IPv4: 172.18.0.2
*   Trying 172.18.0.2:4433...
* Connected to hw2-mtls-server (172.18.0.2) port 4433
* ALPN: curl offers h2,http/1.1
} [5 bytes data]
* TLSv1.3 (OUT), TLS handshake, Client hello (1):
} [512 bytes data]
*  CAfile: /hw2/certs/ca.crt
*  CApath: /etc/ssl/certs
{ [5 bytes data]
* TLSv1.3 (IN), TLS handshake, Server hello (2):
{ [122 bytes data]
* TLSv1.3 (IN), TLS handshake, Encrypted Extensions (8):
{ [10 bytes data]
* TLSv1.3 (IN), TLS handshake, Request CERT (13):
{ [179 bytes data]
* TLSv1.3 (IN), TLS handshake, Certificate (11):
{ [2813 bytes data]
* TLSv1.3 (IN), TLS handshake, CERT verify (15):
{ [264 bytes data]
* TLSv1.3 (IN), TLS handshake, Finished (20):
{ [52 bytes data]
* TLSv1.3 (OUT), TLS change cipher, Change cipher spec (1):
} [1 bytes data]
* TLSv1.3 (OUT), TLS handshake, Certificate (11):
} [1295 bytes data]
* TLSv1.3 (OUT), TLS handshake, CERT verify (15):
} [264 bytes data]
* TLSv1.3 (OUT), TLS handshake, Finished (20):
} [52 bytes data]
* SSL connection using TLSv1.3 / TLS_AES_256_GCM_SHA384 / X25519 / RSASSA-PSS
* ALPN: server did not agree on a protocol. Uses default.
* Server certificate:
*  subject: C=TW; ST=Taiwan; L=Hsinchu; O=NYCU Network Security HW2; OU=Server; CN=hw2-mtls-server
*  start date: Apr 17 02:13:03 2026 GMT
*  expire date: Apr 17 02:13:03 2027 GMT
*  subjectAltName: host "hw2-mtls-server" matched cert's "hw2-mtls-server"
*  issuer: C=TW; ST=Taiwan; L=Hsinchu; O=NYCU Network Security HW2; OU=Root CA; CN=HW2 Root CA
*  SSL certificate verify ok.
*   Certificate level 0: Public key type RSA (2048/112 Bits/secBits), signed using sha256WithRSAEncryption
*   Certificate level 1: Public key type RSA (4096/152 Bits/secBits), signed using sha256WithRSAEncryption
* using HTTP/1.x
} [5 bytes data]
> GET / HTTP/1.1
> Host: hw2-mtls-server:4433
> User-Agent: curl/8.5.0
> Accept: */*
>
{ [5 bytes data]
* TLSv1.3 (IN), TLS alert, unknown CA (560):
{ [2 bytes data]
* OpenSSL SSL_read: OpenSSL/3.0.13: error:0A000418:SSL routines::tlsv1 alert unknown ca, errno 0
  0     0    0     0    0     0      0      0 --:--:-- --:--:-- --:--:--     0
* Closing connection
curl: (56) OpenSSL SSL_read: OpenSSL/3.0.13: error:0A000418:SSL routines::tlsv1 alert unknown ca, errno 0
docker/curl exit code: 56
